# JRE version: Java(TM) SE Runtime Environment (22.0.2+9) (build 22.0.2+9-70)
# Java VM: Java HotSpot(TM) 64-Bit Server VM (22.0.2+9-70, mixed mode, sharing, tiered, compressed oops, compressed class ptrs, g1 gc, windows-amd64)
GC Precious Log:
 CardTable entry size: 512
 Card Set container configuration: InlinePtr #cards 5 size 8 Array Of Cards #cards 12 size 40 Howl #buckets 4 coarsen threshold 1843 Howl Bitmap #cards 512 size 80 coarsen threshold 460 Card regions per heap region 1 cards per card region 2048
 CPUs: 8 total, 8 available
 Memory: 7991M
 Large Page Support: Disabled
 NUMA Support: Disabled
 Compressed Oops: Enabled (32-bit)
 Heap Region Size: 1M
 Heap Min Capacity: 8M
 Heap Initial Capacity: 126M
 Heap Max Capacity: 2G
 Pre-touch: Disabled
 Parallel Workers: 8
 Concurrent Workers: 2
 Concurrent Refinement Workers: 8
 Periodic GC: Disabled
Heap:
 garbage-first heap   total reserved 2097152K, committed 246784K, used 125437K [0x0000000080000000, 0x0000000100000000)
  region size 1024K, 8 young (8192K), 8 survivors (8192K)
 Metaspace       used 61983K, committed 63808K, reserved 1114112K
  class space    used 8659K, committed 9536K, reserved 1048576K
GC Heap History (20 events):
Event: 37.806 GC heap after
{Heap after GC invocations=47 (full 0):
 garbage-first heap   total reserved 2097152K, committed 246784K, used 122715K [0x0000000080000000, 0x0000000100000000)
  region size 1024K, 5 young (5120K), 5 survivors (5120K)
 Metaspace       used 61668K, committed 63488K, reserved 1114112K
  class space    used 8656K, committed 9536K, reserved 1048576K
}
Event: 38.312 GC heap before
{Heap before GC invocations=47 (full 0):
 garbage-first heap   total reserved 2097152K, committed 246784K, used 215899K [0x0000000080000000, 0x0000000100000000)
  region size 1024K, 97 young (99328K), 5 survivors (5120K)
 Metaspace       used 61759K, committed 63616K, reserved 1114112K
  class space    used 8657K, committed 9536K, reserved 1048576K
}
Event: 38.318 GC heap after
{Heap after GC invocations=48 (full 0):
 garbage-first heap   total reserved 2097152K, committed 246784K, used 123242K [0x0000000080000000, 0x0000000100000000)
  region size 1024K, 5 young (5120K), 5 survivors (5120K)
 Metaspace       used 61759K, committed 63616K, reserved 1114112K
  class space    used 8657K, committed 9536K, reserved 1048576K
}
Event: 38.583 GC heap before
{Heap before GC invocations=48 (full 0):
 garbage-first heap   total reserved 2097152K, committed 246784K, used 220522K [0x0000000080000000, 0x0000000100000000)
  region size 1024K, 100 young (102400K), 5 survivors (5120K)
 Metaspace       used 61794K, committed 63616K, reserved 1114112K
  class space    used 8657K, committed 9536K, reserved 1048576K
}
Event: 38.588 GC heap after
{Heap after GC invocations=49 (full 0):
 garbage-first heap   total reserved 2097152K, committed 246784K, used 124481K [0x0000000080000000, 0x0000000100000000)
  region size 1024K, 6 young (6144K), 6 survivors (6144K)
 Metaspace       used 61794K, committed 63616K, reserved 1114112K
  class space    used 8657K, committed 9536K, reserved 1048576K
}
Event: 38.999 GC heap before
{Heap before GC invocations=50 (full 0):
 garbage-first heap   total reserved 2097152K, committed 246784K, used 224833K [0x0000000080000000, 0x0000000100000000)
  region size 1024K, 104 young (106496K), 6 survivors (6144K)
 Metaspace       used 61807K, committed 63680K, reserved 1114112K
  class space    used 8657K, committed 9536K, reserved 1048576K
}
Event: 39.004 GC heap after
{Heap after GC invocations=51 (full 0):
 garbage-first heap   total reserved 2097152K, committed 246784K, used 124543K [0x0000000080000000, 0x0000000100000000)
  region size 1024K, 6 young (6144K), 6 survivors (6144K)
 Metaspace       used 61807K, committed 63680K, reserved 1114112K
  class space    used 8657K, committed 9536K, reserved 1048576K
}
Event: 39.473 GC heap before
{Heap before GC invocations=51 (full 0):
 garbage-first heap   total reserved 2097152K, committed 246784K, used 226943K [0x0000000080000000, 0x0000000100000000)
  region size 1024K, 106 young (108544K), 6 survivors (6144K)
 Metaspace       used 61860K, committed 63680K, reserved 1114112K
  class space    used 8657K, committed 9536K, reserved 1048576K
}
Event: 39.480 GC heap after
{Heap after GC invocations=52 (full 0):
 garbage-first heap   total reserved 2097152K, committed 246784K, used 124914K [0x0000000080000000, 0x0000000100000000)
  region size 1024K, 9 young (9216K), 9 survivors (9216K)
 Metaspace       used 61860K, committed 63680K, reserved 1114112K
  class space    used 8657K, committed 9536K, reserved 1048576K
}
Event: 39.729 GC heap before
{Heap before GC invocations=52 (full 0):
 garbage-first heap   total reserved 2097152K, committed 246784K, used 223218K [0x0000000080000000, 0x0000000100000000)
  region size 1024K, 105 young (107520K), 9 survivors (9216K)
 Metaspace       used 61873K, committed 63744K, reserved 1114112K
  class space    used 8657K, committed 9536K, reserved 1048576K
}
Event: 39.736 GC heap after
{Heap after GC invocations=53 (full 0):
 garbage-first heap   total reserved 2097152K, committed 246784K, used 126098K [0x0000000080000000, 0x0000000100000000)
  region size 1024K, 7 young (7168K), 7 survivors (7168K)
 Metaspace       used 61873K, committed 63744K, reserved 1114112K
  class space    used 8657K, committed 9536K, reserved 1048576K
}
Event: 40.119 GC heap before
{Heap before GC invocations=54 (full 0):
 garbage-first heap   total reserved 2097152K, committed 246784K, used 224402K [0x0000000080000000, 0x0000000100000000)
  region size 1024K, 104 young (106496K), 7 survivors (7168K)
 Metaspace       used 61878K, committed 63744K, reserved 1114112K
  class space    used 8657K, committed 9536K, reserved 1048576K
}
Event: 40.124 GC heap after
{Heap after GC invocations=55 (full 0):
 garbage-first heap   total reserved 2097152K, committed 246784K, used 126124K [0x0000000080000000, 0x0000000100000000)
  region size 1024K, 7 young (7168K), 7 survivors (7168K)
 Metaspace       used 61878K, committed 63744K, reserved 1114112K
  class space    used 8657K, committed 9536K, reserved 1048576K
}
Event: 40.483 GC heap before
{Heap before GC invocations=55 (full 0):
 garbage-first heap   total reserved 2097152K, committed 246784K, used 224428K [0x0000000080000000, 0x0000000100000000)
  region size 1024K, 104 young (106496K), 7 survivors (7168K)
 Metaspace       used 61898K, committed 63744K, reserved 1114112K
  class space    used 8657K, committed 9536K, reserved 1048576K
}
Event: 40.491 GC heap after
{Heap after GC invocations=56 (full 0):
 garbage-first heap   total reserved 2097152K, committed 246784K, used 125981K [0x0000000080000000, 0x0000000100000000)
  region size 1024K, 8 young (8192K), 8 survivors (8192K)
 Metaspace       used 61898K, committed 63744K, reserved 1114112K
  class space    used 8657K, committed 9536K, reserved 1048576K
}
Event: 40.829 GC heap before
{Heap before GC invocations=56 (full 0):
 garbage-first heap   total reserved 2097152K, committed 246784K, used 223261K [0x0000000080000000, 0x0000000100000000)
  region size 1024K, 104 young (106496K), 8 survivors (8192K)
 Metaspace       used 61945K, committed 63744K, reserved 1114112K
  class space    used 8658K, committed 9536K, reserved 1048576K
}
Event: 40.835 GC heap after
{Heap after GC invocations=57 (full 0):
 garbage-first heap   total reserved 2097152K, committed 246784K, used 126521K [0x0000000080000000, 0x0000000100000000)
  region size 1024K, 8 young (8192K), 8 survivors (8192K)
 Metaspace       used 61945K, committed 63744K, reserved 1114112K
  class space    used 8658K, committed 9536K, reserved 1048576K
}
Event: 41.127 GC heap before
{Heap before GC invocations=58 (full 0):
 garbage-first heap   total reserved 2097152K, committed 246784K, used 223801K [0x0000000080000000, 0x0000000100000000)
  region size 1024K, 104 young (106496K), 8 survivors (8192K)
 Metaspace       used 61974K, committed 63808K, reserved 1114112K
  class space    used 8659K, committed 9536K, reserved 1048576K
}
Event: 41.133 GC heap after
{Heap after GC invocations=59 (full 0):
 garbage-first heap   total reserved 2097152K, committed 246784K, used 126725K [0x0000000080000000, 0x0000000100000000)
  region size 1024K, 7 young (7168K), 7 survivors (7168K)
 Metaspace       used 61974K, committed 63808K, reserved 1114112K
  class space    used 8659K, committed 9536K, reserved 1048576K
}
Event: 41.406 GC heap before
{Heap before GC invocations=59 (full 0):
 garbage-first heap   total reserved 2097152K, committed 246784K, used 225029K [0x0000000080000000, 0x0000000100000000)
  region size 1024K, 104 young (106496K), 7 survivors (7168K)
 Metaspace       used 61983K, committed 63808K, reserved 1114112K
  class space    used 8659K, committed 9536K, reserved 1048576K
}

